<?xml version="1.0" encoding="UTF-8"?>
<!-- Generated by org.testng.reporters.JUnitXMLReporter -->
<testsuite ignored="0" hostname="Anna" failures="1" tests="2" name="Opencart Tests" time="17.415" errors="0" timestamp="2021-12-08T12:01:23 EST">
  <testcase classname="testCases.TC_001_AccountRegistration" name="test_account_Registration" time="6.072">
    <failure type="java.lang.AssertionError" message="expected [true] but found [false]">
      <![CDATA[java.lang.AssertionError: expected [true] but found [false]
at testCases.TC_001_AccountRegistration.test_account_Registration(TC_001_AccountRegistration.java:69)
at java.base/java.util.ArrayList.forEach(ArrayList.java:1511)
... Removed 31 stack frames]]>
    </failure>
  </testcase> <!-- test_account_Registration -->
  <testcase classname="testCases.TC_002_Login" name="test_Login" time="5.79"/>
</testsuite> <!-- Opencart Tests -->
